[2026-04-14T09:21:31Z] === ENRICH ITERATION 1 START | repo=tkem/cachetools sha=5dce86fc ===
[2026-04-14T09:21:31Z] [iter=1] PHASE START: enrich repo=tkem/cachetools sha=5dce86fc runlog=/home/runner/work/forx/forx/storage/aggregate/lsp/logs/5dce86fc-enrich-iter-001.log output=/home/runner/work/forx/forx/storage/aggregate/lsp/5dce86fc5c9c565c6e9c912e2be5d6abb9586a1d.nq.gz
[2026-04-14T09:21:31Z] [iter=1] Step 1: Loading AST into disk-backed store mem_mb=77 MB
[2026-04-14T09:21:33Z] [iter=1] AST store loaded triples=209818 load_secs=1 mem_mb=352 MB
[2026-04-14T09:21:33Z] [iter=1] Step 2: Finding LSP targets mem_mb=352 MB
[2026-04-14T09:21:33Z] [iter=1] LSP targets found call_sites=2932 imports=64 extends=50 implements=0 secs=1
[2026-04-14T09:21:34Z] [iter=1] Step 2.7: Building position index (one-shot, shared across resolvers) mem_mb=352 MB
[2026-04-14T09:21:35Z] [iter=1] Position index built positions=13050 nodes_with_types=17174 secs=1 mem_mb=352 MB
[2026-04-14T09:21:35Z] [iter=1] Step 3: Starting LSP resolution mem_mb=352 MB already_completed_types=[] already_completed_files=0
[2026-04-14T09:21:35Z] [iter=1] Resolving target type target_type=call_site count=2932
[2026-04-14T09:22:13Z] [iter=1] HEARTBEAT target_type=call_site elapsed_min=0.7 files_done=2 resolved=115 errors=461 current=tests/__init__.py
[2026-04-14T09:22:49Z] [iter=1] HEARTBEAT target_type=call_site elapsed_min=1.3 files_done=4 resolved=243 errors=901 current=src/cachetools/func.py
[2026-04-14T09:23:39Z] [iter=1] HEARTBEAT target_type=call_site elapsed_min=2.1 files_done=6 resolved=309 errors=1517 current=tests/test_rr.py
[2026-04-14T09:24:17Z] [iter=1] HEARTBEAT target_type=call_site elapsed_min=2.8 files_done=11 resolved=505 errors=1985 current=tests/test_keys.py
[2026-04-14T09:24:44Z] [iter=1] Target type resolved target_type=call_site resolved=611 errors=2316 secs=189 mem_mb=352 MB
[2026-04-14T09:24:44Z] [iter=1] Resolving target type target_type=import_statement count=64
[2026-04-14T09:24:46Z] [iter=1] Target type resolved target_type=import_statement resolved=64 errors=0 secs=2 mem_mb=352 MB
[2026-04-14T09:24:46Z] [iter=1] Resolving target type target_type=extends_clause count=50
[2026-04-14T09:24:48Z] [iter=1] Target type resolved target_type=extends_clause resolved=50 errors=0 secs=1 mem_mb=352 MB
[2026-04-14T09:24:50Z] [iter=1] Step 5: Writing final enrichment file triples=20510
[2026-04-14T09:24:50Z] [iter=1] Enrichment file written path=/home/runner/work/forx/forx/storage/aggregate/lsp/5dce86fc5c9c565c6e9c912e2be5d6abb9586a1d.nq.gz size_kb=340
[2026-04-14T09:24:50Z] [iter=1] PHASE END: enrich elapsed_s=199 elapsed_min=3.3 total_triples=20510
